2021-05-13 13:19:16.894 | WARNING  | main:<module>:20 - (1045, "Access denied for user 'oot'@'localhost' (using password: YES)")
2021-05-13 13:19:16.894 | WARNING  | main:<module>:20 - (1045, "Access denied for user 'oot'@'localhost' (using password: YES)")
2021-05-13 13:40:19.218 | WARNING  | main:get_events_by_user:40 - Execution failed on sql 'SELECT * FROM users_actios WHERE user_id = 1 AND id>0 ORDER BY id DESC LIMIT 5': (1146, "Table 'happenin.users_actios' doesn't exist")
2021-05-13 13:40:19.218 | WARNING  | main:get_events_by_user:40 - Execution failed on sql 'SELECT * FROM users_actios WHERE user_id = 1 AND id>0 ORDER BY id DESC LIMIT 5': (1146, "Table 'happenin.users_actios' doesn't exist")
2021-05-19 12:17:41.374 | WARNING  | main:get_events_by_user:77 - Execution failed on sql 'SELECT id,
                              business_id,
                              event_id,
                              monday,
                              tuesday,
                              wednesday,
                              thursday,
                              friday,
                              saturday,
                              sunday,
                              country, 
                              city, 
                              category, 
                              subcategory1,
                              subcategory2, 
                              subcategory3, 
                              target_age_group,
                              combined_features,
                              (
                                6371 * acos(
                                  cos(
                                    radians(1)
                                  ) * cos(
                                    radians(latitude)
                                  ) * cos(
                                    radians(longitude) - radians(1)
                                  ) + sin(
                                    radians(1)
                                  ) * sin(
                                    radians(latitude)
                                  )
                                )
                              )* 1000 AS distance FROM event_data WHERE (event_type IN ('DAILY', 'WEEKLY', 'MON_FRI', 'SAT_SUN') OR (event_type = 'ONE_TIME' AND start_time >= NOW())) AND is_canceled = 0 AND deleted = 0 HAVING distance < 1': (1054, "Unknown column 'combined_features' in 'field list'")
2021-05-19 12:17:41.374 | WARNING  | main:get_events_by_user:77 - Execution failed on sql 'SELECT id,
                              business_id,
                              event_id,
                              monday,
                              tuesday,
                              wednesday,
                              thursday,
                              friday,
                              saturday,
                              sunday,
                              country, 
                              city, 
                              category, 
                              subcategory1,
                              subcategory2, 
                              subcategory3, 
                              target_age_group,
                              combined_features,
                              (
                                6371 * acos(
                                  cos(
                                    radians(1)
                                  ) * cos(
                                    radians(latitude)
                                  ) * cos(
                                    radians(longitude) - radians(1)
                                  ) + sin(
                                    radians(1)
                                  ) * sin(
                                    radians(latitude)
                                  )
                                )
                              )* 1000 AS distance FROM event_data WHERE (event_type IN ('DAILY', 'WEEKLY', 'MON_FRI', 'SAT_SUN') OR (event_type = 'ONE_TIME' AND start_time >= NOW())) AND is_canceled = 0 AND deleted = 0 HAVING distance < 1': (1054, "Unknown column 'combined_features' in 'field list'")
2021-05-19 12:26:55.157 | WARNING  | main:get_events_by_user:90 - Execution failed on sql 'SELECT id,
                              business_id,
                              event_id,
                              monday,
                              tuesday,
                              wednesday,
                              thursday,
                              friday,
                              saturday,
                              sunday,
                              country, 
                              city, 
                              category, 
                              subcategory1,
                              subcategory2, 
                              subcategory3, 
                              target_age_group,
                              event_name,
                              event_type,
                              start_time,
                              end_time,
                              is_canceled,
                              is_repeating,
                              repeating_interval,
                              repeating_start_day,
                              repeating_end_day,
                              longitude,
                              latitude,
                              deleted,
                              created_date,
                              updated_date
                              (
                                6371 * acos(
                                  cos(
                                    radians(1)
                                  ) * cos(
                                    radians(latitude)
                                  ) * cos(
                                    radians(longitude) - radians(1)
                                  ) + sin(
                                    radians(1)
                                  ) * sin(
                                    radians(latitude)
                                  )
                                )
                              )* 1000 AS distance FROM event_data WHERE (event_type IN ('DAILY', 'WEEKLY', 'MON_FRI', 'SAT_SUN') OR (event_type = 'ONE_TIME' AND start_time >= NOW())) AND is_canceled = 0 AND deleted = 0 HAVING distance < 1': (1305, 'FUNCTION happenin.updated_date does not exist')
2021-05-19 12:26:55.157 | WARNING  | main:get_events_by_user:90 - Execution failed on sql 'SELECT id,
                              business_id,
                              event_id,
                              monday,
                              tuesday,
                              wednesday,
                              thursday,
                              friday,
                              saturday,
                              sunday,
                              country, 
                              city, 
                              category, 
                              subcategory1,
                              subcategory2, 
                              subcategory3, 
                              target_age_group,
                              event_name,
                              event_type,
                              start_time,
                              end_time,
                              is_canceled,
                              is_repeating,
                              repeating_interval,
                              repeating_start_day,
                              repeating_end_day,
                              longitude,
                              latitude,
                              deleted,
                              created_date,
                              updated_date
                              (
                                6371 * acos(
                                  cos(
                                    radians(1)
                                  ) * cos(
                                    radians(latitude)
                                  ) * cos(
                                    radians(longitude) - radians(1)
                                  ) + sin(
                                    radians(1)
                                  ) * sin(
                                    radians(latitude)
                                  )
                                )
                              )* 1000 AS distance FROM event_data WHERE (event_type IN ('DAILY', 'WEEKLY', 'MON_FRI', 'SAT_SUN') OR (event_type = 'ONE_TIME' AND start_time >= NOW())) AND is_canceled = 0 AND deleted = 0 HAVING distance < 1': (1305, 'FUNCTION happenin.updated_date does not exist')
2021-05-19 12:37:04.022 | WARNING  | main:get_events_by_user:59 - Execution failed on sql 'SELECT * FROM event_data WHERE (event_type IN ('DAILY', 'WEEKLY', 'MON_FRI', 'SAT_SUN') OR (event_type = 'ONE_TIME' AND start_time >= NOW())) AND is_canceled = 0 AND deleted = 0 AND (
                                6371 * acos(
                                  cos(
                                    radians(1)
                                  ) * cos(
                                    radians(latitude)
                                  ) * cos(
                                    radians(longitude) - radians(1)
                                  ) + sin(
                                    radians(1)
                                  ) * sin(
                                    radians(latitude)
                                  )
                                )
                              )* 1000 AS distance < 1': (1064, "You have an error in your SQL syntax; check the manual that corresponds to your MySQL server version for the right syntax to use near 'AS distance < 1' at line 15")
2021-05-19 12:37:04.022 | WARNING  | main:get_events_by_user:59 - Execution failed on sql 'SELECT * FROM event_data WHERE (event_type IN ('DAILY', 'WEEKLY', 'MON_FRI', 'SAT_SUN') OR (event_type = 'ONE_TIME' AND start_time >= NOW())) AND is_canceled = 0 AND deleted = 0 AND (
                                6371 * acos(
                                  cos(
                                    radians(1)
                                  ) * cos(
                                    radians(latitude)
                                  ) * cos(
                                    radians(longitude) - radians(1)
                                  ) + sin(
                                    radians(1)
                                  ) * sin(
                                    radians(latitude)
                                  )
                                )
                              )* 1000 AS distance < 1': (1064, "You have an error in your SQL syntax; check the manual that corresponds to your MySQL server version for the right syntax to use near 'AS distance < 1' at line 15")
2021-05-19 15:59:46.609 | WARNING  | main:get_events_by_user:62 - Execution failed on sql 'SELECT * FROM users_actions WHERE user_id = фф AND id>0 ORDER BY id DESC LIMIT 5': (1054, "Unknown column 'фф' in 'where clause'")
2021-05-19 15:59:46.609 | WARNING  | main:get_events_by_user:62 - Execution failed on sql 'SELECT * FROM users_actions WHERE user_id = фф AND id>0 ORDER BY id DESC LIMIT 5': (1054, "Unknown column 'фф' in 'where clause'")
